<?xml version="1.0" encoding="UTF-8"?>
<!-- Generated by org.testng.reporters.JUnitReportReporter -->
<testsuite hostname="Kaushiks-MacBook-Pro.local" failures="0" tests="1" name="javastreams.example.JavaStreamDemo" time="0.015" errors="0" timestamp="2025-01-31T12:26:06 EST" skipped="0">
  <testcase classname="javastreams.example.JavaStreamDemo" name="assignment" time="0.015"/>
</testsuite> <!-- javastreams.example.JavaStreamDemo -->
